<?xml version="1.0" encoding="UTF-8"?>
<!-- Generated by org.testng.reporters.JUnitXMLReporter -->
<testsuite ignored="0" hostname="ES3027813W1" failures="1" tests="13" name="Pruebas sin identificacion" time="53.286" errors="0" timestamp="2021-01-22T13:20:58 CET">
  <testcase classname="zz210120.CargaNotificacionesY3Mas" name="masAyuda" time="0.359"/>
  <testcase classname="zz210120.CargaNotificacionesY3Mas" name="masContacto" time="1.487"/>
  <testcase classname="zz210120.CargaNotificacionesY3Mas" name="masPrivacidad" time="0.698"/>
  <testcase classname="zz210120.CargaNotificacionesY3Mas" name="mostarNotificaciones" time="0.094"/>
  <testcase classname="zz210120.AbrirCoronavirus" name="comprobarEnlaceCoronavirus" time="2.507"/>
  <testcase classname="zz210120.PedirCita2Links" name="paginaInicioCitaPreviaAtencionHospitalaria" time="3.687"/>
  <testcase classname="zz210120.PedirCita2Links" name="paginaInicioCitaPreviaAtencionPrimaria" time="1.827"/>
  <testcase classname="zz210120.TelefonoPopUp" name="comprobarClickTelefono" time="0.21"/>
  <testcase classname="zz210120.EncontrarFarmaciaConFecha" name="encuentraFarmaciaCuencaAlarcon30Dic2020" time="9.813"/>
  <testcase classname="zz210120.EncontrarFarmaciaConFecha" name="encuentraFarmaciaParametros" time="8.178"/>
  <testcase classname="zz210120.EncontrarFarmaciaConFecha" name="encuentraFarmaciaParametros" time="7.529"/>
  <testcase classname="zz210120.EncontrarFarmaciaConFecha" name="encuentraFarmaciaParametros" time="1.75">
    <failure type="org.openqa.selenium.ElementClickInterceptedException" message="element click intercepted: Element &amp;lt;span class=&amp;quot;mat-button-wrapper&amp;quot;&amp;gt;...&amp;lt;/span&amp;gt; is not clickable at point (765, 177). Other element would receive the click: &amp;lt;mat-calendar cdktrapfocus=&amp;quot;&amp;quot; class=&amp;quot;mat-calendar ng-tns-c107-1 ng-trigger ng-trigger-fadeInCalendar&amp;quot; id=&amp;quot;mat-datepicker-0&amp;quot; style=&amp;quot;opacity: 1;&amp;quot;&amp;gt;...&amp;lt;/mat-calendar&amp;gt;
  (Session info: chrome=87.0.4280.141)
Build info: version: &amp;apos;3.141.59&amp;apos;, revision: &amp;apos;e82be7d358&amp;apos;, time: &amp;apos;2018-11-14T08:17:03&amp;apos;
System info: host: &amp;apos;ES3027813W1&amp;apos;, ip: &amp;apos;192.168.1.23&amp;apos;, os.name: &amp;apos;Windows 10&amp;apos;, os.arch: &amp;apos;amd64&amp;apos;, os.version: &amp;apos;10.0&amp;apos;, java.version: &amp;apos;15.0.1&amp;apos;
Driver info: org.openqa.selenium.chrome.ChromeDriver
Capabilities {acceptInsecureCerts: false, browserName: chrome, browserVersion: 87.0.4280.141, chrome: {chromedriverVersion: 87.0.4280.88 (89e2380a3e36c..., userDataDir: C:\Users\MB773HM\AppData\Lo...}, goog:chromeOptions: {debuggerAddress: localhost:64187}, javascriptEnabled: true, networkConnectionEnabled: false, pageLoadStrategy: normal, platform: WINDOWS, platformName: WINDOWS, proxy: Proxy(), setWindowRect: true, strictFileInteractability: false, timeouts: {implicit: 0, pageLoad: 300000, script: 30000}, unhandledPromptBehavior: dismiss and notify, webauthn:virtualAuthenticators: true}
Session ID: da90821a1a001d5a02cddf68d46b1195">
      <![CDATA[org.openqa.selenium.ElementClickInterceptedException: element click intercepted: Element <span class="mat-button-wrapper">...</span> is not clickable at point (765, 177). Other element would receive the click: <mat-calendar cdktrapfocus="" class="mat-calendar ng-tns-c107-1 ng-trigger ng-trigger-fadeInCalendar" id="mat-datepicker-0" style="opacity: 1;">...</mat-calendar>
  (Session info: chrome=87.0.4280.141)
Build info: version: '3.141.59', revision: 'e82be7d358', time: '2018-11-14T08:17:03'
System info: host: 'ES3027813W1', ip: '192.168.1.23', os.name: 'Windows 10', os.arch: 'amd64', os.version: '10.0', java.version: '15.0.1'
Driver info: org.openqa.selenium.chrome.ChromeDriver
Capabilities {acceptInsecureCerts: false, browserName: chrome, browserVersion: 87.0.4280.141, chrome: {chromedriverVersion: 87.0.4280.88 (89e2380a3e36c..., userDataDir: C:\Users\MB773HM\AppData\Lo...}, goog:chromeOptions: {debuggerAddress: localhost:64187}, javascriptEnabled: true, networkConnectionEnabled: false, pageLoadStrategy: normal, platform: WINDOWS, platformName: WINDOWS, proxy: Proxy(), setWindowRect: true, strictFileInteractability: false, timeouts: {implicit: 0, pageLoad: 300000, script: 30000}, unhandledPromptBehavior: dismiss and notify, webauthn:virtualAuthenticators: true}
Session ID: da90821a1a001d5a02cddf68d46b1195
at org.openqa.selenium.remote.http.W3CHttpResponseCodec.createException(W3CHttpResponseCodec.java:187)
at org.openqa.selenium.remote.http.W3CHttpResponseCodec.decode(W3CHttpResponseCodec.java:122)
at org.openqa.selenium.remote.http.W3CHttpResponseCodec.decode(W3CHttpResponseCodec.java:49)
at org.openqa.selenium.remote.HttpCommandExecutor.execute(HttpCommandExecutor.java:158)
at org.openqa.selenium.remote.service.DriverCommandExecutor.execute(DriverCommandExecutor.java:83)
at org.openqa.selenium.remote.RemoteWebDriver.execute(RemoteWebDriver.java:552)
at org.openqa.selenium.remote.RemoteWebElement.execute(RemoteWebElement.java:285)
at org.openqa.selenium.remote.RemoteWebElement.click(RemoteWebElement.java:84)
at zz210120.EncontrarFarmaciaConFecha.encuentraFarmaciaParametros(EncontrarFarmaciaConFecha.java:122)
at java.base/java.util.ArrayList.forEach(Unknown Source)
... Removed 32 stack frames]]>
    </failure>
  </testcase> <!-- encuentraFarmaciaParametros -->
  <testcase classname="zz210120.EncontrarFarmaciaConFecha" name="encuentraFarmaciaParametros" time="8.834"/>
</testsuite> <!-- Pruebas sin identificacion -->
